<?xml version="1.0" encoding="UTF-8"?>
<!-- Generated by org.testng.reporters.JUnitXMLReporter -->
<testsuite ignored="0" hostname="LAPTOP-GDF8CT9J" failures="0" tests="4" name="Regression" time="15.659" errors="0" timestamp="2022-04-02T08:45:50 MDT">
  <testcase classname="testlayer.Test_class" name="Title" time="0.023"/>
  <testcase classname="testlayer.Test_class" name="Login" time="0.251"/>
  <testcase classname="testlayer.Test_class" name="Login" time="0.21"/>
  <testcase classname="testlayer.Test_class" name="Login" time="0.241"/>
</testsuite> <!-- Regression -->
